2023.10.13 13:14:21: Added Thomas Anderson Teacher
2023.10.13 13:14:21: Added Han Solo Teacher
2023.10.13 13:14:21: Added Princess Leia Teacher
2023.10.13 13:14:21: Added Severus Snape Teacher
2023.10.13 13:14:21: Added Dolores Umbridge Teacher
2023.10.13 13:14:21: Added Peter Pan Student to class class 1A, profile humane
2023.10.13 13:14:21: Added Anna Shirley Student to class class 1A, profile humane
2023.10.13 13:14:21: Added Harry Potter Student to class class 1A, profile humane
2023.10.13 13:14:21: Added Ron Weasley Student to class class 1A, profile humane
2023.10.13 13:14:21: Added term of subject Math on MONDAY at 10:30, 45 min to subject Math
2023.10.13 13:14:21: Added term of subject Math on THURSDAY at 12:50, 45 min to subject Math
2023.10.13 13:14:21: Added subject Math to class 1A, profile humane
2023.10.13 13:14:21: Added term of subject English on MONDAY at 12:00, 45 min to subject English
2023.10.13 13:14:21: Added term of subject English on TUESDAY at 11:00, 45 min to subject English
2023.10.13 13:14:21: Added term of subject English on WEDNESDAY at 10:30, 45 min to subject English
2023.10.13 13:14:21: Added term of subject English on THURSDAY at 11:00, 45 min to subject English
2023.10.13 13:14:21: Added subject English to class 1A, profile humane
2023.10.13 13:14:21: Added term of subject Computer Science on TUESDAY at 09:00, 45 min to subject Computer Science
2023.10.13 13:14:21: Added subject Computer Science to class 1A, profile humane
2023.10.13 13:14:21: Added term of subject Chemistry on WEDNESDAY at 11:30, 45 min to subject Chemistry
2023.10.13 13:14:21: Added subject Chemistry to class 1A, profile humane
2023.10.13 13:14:21: Added term of subject Potions on FRIDAY at 09:00, 90 min to subject Potions
2023.10.13 13:14:21: Added subject Potions to class 1A, profile humane
2023.10.13 13:14:21: Added term of subject Black Magic Defense on FRIDAY at 12:30, 90 min to subject Black Magic Defense
2023.10.13 13:14:21: Added subject Black Magic Defense to class 1A, profile humane
2023.10.13 13:14:21: Added class 1A, profile humane
2023.10.13 13:44:57: Added Thomas Anderson Teacher
2023.10.13 13:44:57: Added Han Solo Teacher
2023.10.13 13:44:57: Added Princess Leia Teacher
2023.10.13 13:44:57: Added Severus Snape Teacher
2023.10.13 13:44:57: Added Dolores Umbridge Teacher
2023.10.13 13:44:57: Added Peter Pan Student to class class 1A, profile humane
2023.10.13 13:44:57: Added Anna Shirley Student to class class 1A, profile humane
2023.10.13 13:44:57: Added Harry Potter Student to class class 1A, profile humane
2023.10.13 13:44:57: Added Ron Weasley Student to class class 1A, profile humane
2023.10.13 13:44:57: Added term of subject Math on MONDAY at 10:30, 45 min to subject Math
2023.10.13 13:44:57: Added term of subject Math on THURSDAY at 12:50, 45 min to subject Math
2023.10.13 13:44:57: Added subject Math to class 1A, profile humane
2023.10.13 13:44:57: Added term of subject English on MONDAY at 12:00, 45 min to subject English
2023.10.13 13:44:57: Added term of subject English on TUESDAY at 11:00, 45 min to subject English
2023.10.13 13:44:57: Added term of subject English on WEDNESDAY at 10:30, 45 min to subject English
2023.10.13 13:44:57: Added term of subject English on THURSDAY at 11:00, 45 min to subject English
2023.10.13 13:44:57: Added subject English to class 1A, profile humane
2023.10.13 13:44:57: Added term of subject Computer Science on TUESDAY at 09:00, 45 min to subject Computer Science
2023.10.13 13:44:57: Added subject Computer Science to class 1A, profile humane
2023.10.13 13:44:57: Added term of subject Chemistry on WEDNESDAY at 11:30, 45 min to subject Chemistry
2023.10.13 13:44:57: Added subject Chemistry to class 1A, profile humane
2023.10.13 13:44:57: Added term of subject Potions on FRIDAY at 09:00, 90 min to subject Potions
2023.10.13 13:44:57: Added subject Potions to class 1A, profile humane
2023.10.13 13:44:57: Added term of subject Black Magic Defense on FRIDAY at 12:30, 90 min to subject Black Magic Defense
2023.10.13 13:44:57: Added subject Black Magic Defense to class 1A, profile humane
2023.10.13 13:44:57: Added class 1A, profile humane
2023.10.14 10:22:48: Added Thomas Anderson Teacher
2023.10.14 10:22:48: Added Han Solo Teacher
2023.10.14 10:22:48: Added Princess Leia Teacher
2023.10.14 10:22:48: Added Severus Snape Teacher
2023.10.14 10:22:48: Added Dolores Umbridge Teacher
2023.10.14 10:22:48: Added Peter Pan Student to class class 1A, profile humane
2023.10.14 10:22:48: Added Anna Shirley Student to class class 1A, profile humane
2023.10.14 10:22:48: Added Harry Potter Student to class class 1A, profile humane
2023.10.14 10:22:48: Added Ron Weasley Student to class class 1A, profile humane
2023.10.14 10:22:48: Added term of subject Math on MONDAY at 10:30, 45 min to subject Math
2023.10.14 10:22:48: Added term of subject Math on THURSDAY at 12:50, 45 min to subject Math
2023.10.14 10:22:48: Added subject Math to class 1A, profile humane
2023.10.14 10:22:48: Added term of subject English on MONDAY at 12:00, 45 min to subject English
2023.10.14 10:22:48: Added term of subject English on TUESDAY at 11:00, 45 min to subject English
2023.10.14 10:22:48: Added term of subject English on WEDNESDAY at 10:30, 45 min to subject English
2023.10.14 10:22:48: Added term of subject English on THURSDAY at 11:00, 45 min to subject English
2023.10.14 10:22:48: Added subject English to class 1A, profile humane
2023.10.14 10:22:48: Added term of subject Computer Science on TUESDAY at 09:00, 45 min to subject Computer Science
2023.10.14 10:22:48: Added subject Computer Science to class 1A, profile humane
2023.10.14 10:22:48: Added term of subject Chemistry on WEDNESDAY at 11:30, 45 min to subject Chemistry
2023.10.14 10:22:48: Added subject Chemistry to class 1A, profile humane
2023.10.14 10:22:48: Added term of subject Potions on FRIDAY at 09:00, 90 min to subject Potions
2023.10.14 10:22:48: Added subject Potions to class 1A, profile humane
2023.10.14 10:22:48: Added term of subject Black Magic Defense on FRIDAY at 12:30, 90 min to subject Black Magic Defense
2023.10.14 10:22:48: Added subject Black Magic Defense to class 1A, profile humane
2023.10.14 10:22:48: Added class 1A, profile humane
2023.10.14 10:39:08: Added Thomas Anderson Teacher
2023.10.14 10:39:08: Added Han Solo Teacher
2023.10.14 10:39:08: Added Princess Leia Teacher
2023.10.14 10:39:08: Added Severus Snape Teacher
2023.10.14 10:39:08: Added Dolores Umbridge Teacher
2023.10.14 10:39:08: Added Peter Pan Student to class class 1A, profile humane
2023.10.14 10:39:08: Added Anna Shirley Student to class class 1A, profile humane
2023.10.14 10:39:08: Added Harry Potter Student to class class 1A, profile humane
2023.10.14 10:39:08: Added Ron Weasley Student to class class 1A, profile humane
2023.10.14 10:39:08: Added term of subject Math on MONDAY at 10:30, 45 min to subject Math
2023.10.14 10:39:08: Added term of subject Math on THURSDAY at 12:50, 45 min to subject Math
2023.10.14 10:39:08: Added subject Math to class 1A, profile humane
2023.10.14 10:39:08: Added term of subject English on MONDAY at 12:00, 45 min to subject English
2023.10.14 10:39:08: Added term of subject English on TUESDAY at 11:00, 45 min to subject English
2023.10.14 10:39:08: Added term of subject English on WEDNESDAY at 10:30, 45 min to subject English
2023.10.14 10:39:08: Added term of subject English on THURSDAY at 11:00, 45 min to subject English
2023.10.14 10:39:08: Added subject English to class 1A, profile humane
2023.10.14 10:39:08: Added term of subject Computer Science on TUESDAY at 09:00, 45 min to subject Computer Science
2023.10.14 10:39:08: Added subject Computer Science to class 1A, profile humane
2023.10.14 10:39:08: Added term of subject Chemistry on WEDNESDAY at 11:30, 45 min to subject Chemistry
2023.10.14 10:39:08: Added subject Chemistry to class 1A, profile humane
2023.10.14 10:39:08: Added term of subject Potions on FRIDAY at 09:00, 90 min to subject Potions
2023.10.14 10:39:08: Added subject Potions to class 1A, profile humane
2023.10.14 10:39:08: Added term of subject Black Magic Defense on FRIDAY at 12:30, 90 min to subject Black Magic Defense
2023.10.14 10:39:08: Added subject Black Magic Defense to class 1A, profile humane
2023.10.14 10:39:08: Added class 1A, profile humane
2023.10.14 10:51:46: Saving teachers...
2023.10.14 10:51:46: Teachers saved successfully
2023.10.14 10:51:46: Added Thomas Anderson Teacher
2023.10.14 10:51:46: Saving teachers...
2023.10.14 10:51:46: Teachers saved successfully
2023.10.14 10:51:46: Added Han Solo Teacher
2023.10.14 10:51:46: Saving teachers...
2023.10.14 10:51:46: Teachers saved successfully
2023.10.14 10:51:46: Added Princess Leia Teacher
2023.10.14 10:51:46: Saving teachers...
2023.10.14 10:51:46: Teachers saved successfully
2023.10.14 10:51:46: Added Severus Snape Teacher
2023.10.14 10:51:46: Saving teachers...
2023.10.14 10:51:46: Teachers saved successfully
2023.10.14 10:51:46: Added Dolores Umbridge Teacher
2023.10.14 10:51:46: Added Peter Pan Student to class class 1A, profile humane
2023.10.14 10:51:46: Added Anna Shirley Student to class class 1A, profile humane
2023.10.14 10:51:46: Added Harry Potter Student to class class 1A, profile humane
2023.10.14 10:51:46: Added Ron Weasley Student to class class 1A, profile humane
2023.10.14 10:51:46: Added term of subject Math on MONDAY at 10:30, 45 min to subject Math
2023.10.14 10:51:46: Added term of subject Math on THURSDAY at 12:50, 45 min to subject Math
2023.10.14 10:51:46: Added subject Math to class 1A, profile humane
2023.10.14 10:51:46: Added term of subject English on MONDAY at 12:00, 45 min to subject English
2023.10.14 10:51:46: Added term of subject English on TUESDAY at 11:00, 45 min to subject English
2023.10.14 10:51:46: Added term of subject English on WEDNESDAY at 10:30, 45 min to subject English
2023.10.14 10:51:46: Added term of subject English on THURSDAY at 11:00, 45 min to subject English
2023.10.14 10:51:46: Added subject English to class 1A, profile humane
2023.10.14 10:51:46: Added term of subject Computer Science on TUESDAY at 09:00, 45 min to subject Computer Science
2023.10.14 10:51:46: Added subject Computer Science to class 1A, profile humane
2023.10.14 10:51:46: Added term of subject Chemistry on WEDNESDAY at 11:30, 45 min to subject Chemistry
2023.10.14 10:51:46: Added subject Chemistry to class 1A, profile humane
2023.10.14 10:51:46: Added term of subject Potions on FRIDAY at 09:00, 90 min to subject Potions
2023.10.14 10:51:46: Added subject Potions to class 1A, profile humane
2023.10.14 10:51:46: Added term of subject Black Magic Defense on FRIDAY at 12:30, 90 min to subject Black Magic Defense
2023.10.14 10:51:46: Added subject Black Magic Defense to class 1A, profile humane
2023.10.14 10:51:46: Saving classes...
2023.10.14 10:51:46: Classes saved successfully
2023.10.14 10:51:46: Added class 1A, profile humane
2023.10.14 10:57:17: Added Thomas Anderson Teacher
2023.10.14 10:57:17: Added Han Solo Teacher
2023.10.14 10:57:17: Added Princess Leia Teacher
2023.10.14 10:57:17: Added Severus Snape Teacher
2023.10.14 10:57:17: Added Dolores Umbridge Teacher
2023.10.14 10:57:17: Added Peter Pan Student to class class 1A, profile humane
2023.10.14 10:57:17: Added Anna Shirley Student to class class 1A, profile humane
2023.10.14 10:57:17: Added Harry Potter Student to class class 1A, profile humane
2023.10.14 10:57:17: Added Ron Weasley Student to class class 1A, profile humane
2023.10.14 10:57:17: Added term of subject Math on MONDAY at 10:30, 45 min to subject Math
2023.10.14 10:57:17: Added term of subject Math on THURSDAY at 12:50, 45 min to subject Math
2023.10.14 10:57:17: Added subject Math to class 1A, profile humane
2023.10.14 10:57:17: Added term of subject English on MONDAY at 12:00, 45 min to subject English
2023.10.14 10:57:17: Added term of subject English on TUESDAY at 11:00, 45 min to subject English
2023.10.14 10:57:17: Added term of subject English on WEDNESDAY at 10:30, 45 min to subject English
2023.10.14 10:57:17: Added term of subject English on THURSDAY at 11:00, 45 min to subject English
2023.10.14 10:57:17: Added subject English to class 1A, profile humane
2023.10.14 10:57:17: Added term of subject Computer Science on TUESDAY at 09:00, 45 min to subject Computer Science
2023.10.14 10:57:17: Added subject Computer Science to class 1A, profile humane
2023.10.14 10:57:17: Added term of subject Chemistry on WEDNESDAY at 11:30, 45 min to subject Chemistry
2023.10.14 10:57:17: Added subject Chemistry to class 1A, profile humane
2023.10.14 10:57:17: Added term of subject Potions on FRIDAY at 09:00, 90 min to subject Potions
2023.10.14 10:57:17: Added subject Potions to class 1A, profile humane
2023.10.14 10:57:17: Added term of subject Black Magic Defense on FRIDAY at 12:30, 90 min to subject Black Magic Defense
2023.10.14 10:57:17: Added subject Black Magic Defense to class 1A, profile humane
2023.10.14 10:57:17: Added class 1A, profile humane
2023.10.14 10:59:09: Added Thomas Anderson Teacher
2023.10.14 10:59:09: Added Han Solo Teacher
2023.10.14 10:59:09: Added Princess Leia Teacher
2023.10.14 10:59:09: Added Severus Snape Teacher
2023.10.14 10:59:09: Added Dolores Umbridge Teacher
2023.10.14 10:59:09: Added Peter Pan Student to class class 1A, profile humane
2023.10.14 10:59:09: Added Anna Shirley Student to class class 1A, profile humane
2023.10.14 10:59:09: Added Harry Potter Student to class class 1A, profile humane
2023.10.14 10:59:09: Added Ron Weasley Student to class class 1A, profile humane
2023.10.14 10:59:09: Added term of subject Math on MONDAY at 10:30, 45 min to subject Math
2023.10.14 10:59:09: Added term of subject Math on THURSDAY at 12:50, 45 min to subject Math
2023.10.14 10:59:09: Added subject Math to class 1A, profile humane
2023.10.14 10:59:09: Added term of subject English on MONDAY at 12:00, 45 min to subject English
2023.10.14 10:59:09: Added term of subject English on TUESDAY at 11:00, 45 min to subject English
2023.10.14 10:59:09: Added term of subject English on WEDNESDAY at 10:30, 45 min to subject English
2023.10.14 10:59:09: Added term of subject English on THURSDAY at 11:00, 45 min to subject English
2023.10.14 10:59:09: Added subject English to class 1A, profile humane
2023.10.14 10:59:09: Added term of subject Computer Science on TUESDAY at 09:00, 45 min to subject Computer Science
2023.10.14 10:59:09: Added subject Computer Science to class 1A, profile humane
2023.10.14 10:59:09: Added term of subject Chemistry on WEDNESDAY at 11:30, 45 min to subject Chemistry
2023.10.14 10:59:09: Added subject Chemistry to class 1A, profile humane
2023.10.14 10:59:09: Added term of subject Potions on FRIDAY at 09:00, 90 min to subject Potions
2023.10.14 10:59:09: Added subject Potions to class 1A, profile humane
2023.10.14 10:59:09: Added term of subject Black Magic Defense on FRIDAY at 12:30, 90 min to subject Black Magic Defense
2023.10.14 10:59:09: Added subject Black Magic Defense to class 1A, profile humane
2023.10.14 10:59:09: Added class 1A, profile humane
2023.10.14 11:01:41: Added Thomas Anderson Teacher
2023.10.14 11:01:41: Added Han Solo Teacher
2023.10.14 11:01:41: Added Princess Leia Teacher
2023.10.14 11:01:41: Added Severus Snape Teacher
2023.10.14 11:01:41: Added Dolores Umbridge Teacher
2023.10.14 11:01:41: Added Peter Pan Student to class class 1A, profile humane
2023.10.14 11:01:41: Added Anna Shirley Student to class class 1A, profile humane
2023.10.14 11:01:41: Added Harry Potter Student to class class 1A, profile humane
2023.10.14 11:01:41: Added Ron Weasley Student to class class 1A, profile humane
2023.10.14 11:01:41: Added term of subject Math on MONDAY at 10:30, 45 min to subject Math
2023.10.14 11:01:41: Added term of subject Math on THURSDAY at 12:50, 45 min to subject Math
2023.10.14 11:01:41: Added subject Math to class 1A, profile humane
2023.10.14 11:01:41: Added term of subject English on MONDAY at 12:00, 45 min to subject English
2023.10.14 11:01:41: Added term of subject English on TUESDAY at 11:00, 45 min to subject English
2023.10.14 11:01:41: Added term of subject English on WEDNESDAY at 10:30, 45 min to subject English
2023.10.14 11:01:41: Added term of subject English on THURSDAY at 11:00, 45 min to subject English
2023.10.14 11:01:41: Added subject English to class 1A, profile humane
2023.10.14 11:01:41: Added term of subject Computer Science on TUESDAY at 09:00, 45 min to subject Computer Science
2023.10.14 11:01:41: Added subject Computer Science to class 1A, profile humane
2023.10.14 11:01:41: Added term of subject Chemistry on WEDNESDAY at 11:30, 45 min to subject Chemistry
2023.10.14 11:01:41: Added subject Chemistry to class 1A, profile humane
2023.10.14 11:01:41: Added term of subject Potions on FRIDAY at 09:00, 90 min to subject Potions
2023.10.14 11:01:41: Added subject Potions to class 1A, profile humane
2023.10.14 11:01:41: Added term of subject Black Magic Defense on FRIDAY at 12:30, 90 min to subject Black Magic Defense
2023.10.14 11:01:41: Added subject Black Magic Defense to class 1A, profile humane
2023.10.14 11:01:41: Added class 1A, profile humane
2023.10.14 11:51:30: Added Peter Pan Student to class class 1A, profile humane
2023.10.14 11:51:30: Added Anna Shirley Student to class class 1A, profile humane
2023.10.14 11:51:30: Added Harry Potter Student to class class 1A, profile humane
2023.10.14 11:51:30: Added Ron Weasley Student to class class 1A, profile humane
2023.10.14 11:51:30: Added term of subject Math on MONDAY at 10:30, 45 min to subject Math
2023.10.14 11:51:30: Added term of subject Math on THURSDAY at 12:50, 45 min to subject Math
2023.10.14 11:51:30: Added subject Math to class 1A, profile humane
2023.10.14 11:51:30: Added term of subject English on MONDAY at 12:00, 45 min to subject English
2023.10.14 11:51:30: Added term of subject English on TUESDAY at 11:00, 45 min to subject English
2023.10.14 11:51:30: Added term of subject English on WEDNESDAY at 10:30, 45 min to subject English
2023.10.14 11:51:30: Added term of subject English on THURSDAY at 11:00, 45 min to subject English
2023.10.14 11:51:30: Added subject English to class 1A, profile humane
2023.10.14 11:51:30: Added term of subject Computer Science on TUESDAY at 09:00, 45 min to subject Computer Science
2023.10.14 11:51:30: Added subject Computer Science to class 1A, profile humane
2023.10.14 11:51:30: Added term of subject Chemistry on WEDNESDAY at 11:30, 45 min to subject Chemistry
2023.10.14 11:51:30: Added subject Chemistry to class 1A, profile humane
2023.10.14 11:51:30: Added term of subject Potions on FRIDAY at 09:00, 90 min to subject Potions
2023.10.14 11:51:30: Added subject Potions to class 1A, profile humane
2023.10.14 11:51:30: Added term of subject Black Magic Defense on FRIDAY at 12:30, 90 min to subject Black Magic Defense
2023.10.14 11:51:30: Added subject Black Magic Defense to class 1A, profile humane
